[debug] [2023-06-28T16:09:37.825Z] ----------------------------------------------------------------------
[debug] [2023-06-28T16:09:37.827Z] Command:       /usr/local/bin/node /usr/local/bin/firebase init
[debug] [2023-06-28T16:09:37.828Z] CLI Version:   12.3.0
[debug] [2023-06-28T16:09:37.828Z] Platform:      darwin
[debug] [2023-06-28T16:09:37.829Z] Node Version:  v18.14.2
[debug] [2023-06-28T16:09:37.830Z] Time:          Thu Jun 29 2023 01:09:37 GMT+0900 (Korean Standard Time)
[debug] [2023-06-28T16:09:37.830Z] ----------------------------------------------------------------------
[debug] 
[debug] [2023-06-28T16:09:37.834Z] >>> [apiv2][query] GET https://firebase-public.firebaseio.com/cli.json [none]
[debug] [2023-06-28T16:09:37.887Z] > command requires scopes: ["email","openid","https://www.googleapis.com/auth/cloudplatformprojects.readonly","https://www.googleapis.com/auth/firebase","https://www.googleapis.com/auth/cloud-platform"]
[debug] [2023-06-28T16:09:37.887Z] > authorizing via signed-in user (ykjin5715@gmail.com)
[info] 
     ######## #### ########  ######## ########     ###     ######  ########
     ##        ##  ##     ## ##       ##     ##  ##   ##  ##       ##
     ######    ##  ########  ######   ########  #########  ######  ######
     ##        ##  ##    ##  ##       ##     ## ##     ##       ## ##
     ##       #### ##     ## ######## ########  ##     ##  ######  ########

You're about to initialize a Firebase project in this directory:

  /Users/yoonkijin/Desktop/Personal/Full Stack/PERN/Projects/portfolioDashboard/frontEnd

[debug] [2023-06-28T16:09:38.289Z] <<< [apiv2][status] GET https://firebase-public.firebaseio.com/cli.json 200
[debug] [2023-06-28T16:09:38.290Z] <<< [apiv2][body] GET https://firebase-public.firebaseio.com/cli.json {"cloudBuildErrorAfter":1594252800000,"cloudBuildWarnAfter":1590019200000,"defaultNode10After":1594252800000,"minVersion":"3.0.5","node8DeploysDisabledAfter":1613390400000,"node8RuntimeDisabledAfter":1615809600000,"node8WarnAfter":1600128000000}
